D:\VCPROJECT\SVTOOL\RELEASE\SVTOOL.EXE
D:\VCPROJECT\SVTOOL\RELEASE\SVTOOL.PDB
D:\VCProject\SVTool\SVTool\Release\cl.command.1.tlog
D:\VCProject\SVTool\SVTool\Release\CL.read.1.tlog
D:\VCProject\SVTool\SVTool\Release\CL.write.1.tlog
D:\VCProject\SVTool\SVTool\Release\link.command.1.tlog
D:\VCProject\SVTool\SVTool\Release\link.read.1.tlog
D:\VCProject\SVTool\SVTool\Release\link.write.1.tlog
D:\VCProject\SVTool\SVTool\Release\link-cvtres.read.1.tlog
D:\VCProject\SVTool\SVTool\Release\link-cvtres.write.1.tlog
D:\VCProject\SVTool\SVTool\Release\mt.command.1.tlog
D:\VCProject\SVTool\SVTool\Release\mt.read.1.tlog
D:\VCProject\SVTool\SVTool\Release\mt.write.1.tlog
D:\VCProject\SVTool\SVTool\Release\rc.command.1.tlog
D:\VCProject\SVTool\SVTool\Release\rc.read.1.tlog
D:\VCProject\SVTool\SVTool\Release\rc.write.1.tlog
D:\VCPROJECT\SVTOOL\SVTOOL\RELEASE\README.OBJ
D:\VCPROJECT\SVTOOL\SVTOOL\RELEASE\STDAFX.OBJ
D:\VCPROJECT\SVTOOL\SVTOOL\RELEASE\SVACPIDLG.OBJ
D:\VCPROJECT\SVTOOL\SVTOOL\RELEASE\SVCCTOOLDLG.OBJ
D:\VCPROJECT\SVTOOL\SVTOOL\RELEASE\SVTOOL.EXE.INTERMEDIATE.MANIFEST
D:\VCPROJECT\SVTOOL\SVTOOL\RELEASE\SVTOOL.OBJ
D:\VCPROJECT\SVTOOL\SVTOOL\RELEASE\SVTOOL.PCH
D:\VCPROJECT\SVTOOL\SVTOOL\RELEASE\SVTOOL.RES
D:\VCProject\SVTool\SVTool\Release\SVTool.vcxprojResolveAssemblyReference.cache
D:\VCProject\SVTool\SVTool\Release\SVTool.write.1.tlog
D:\VCPROJECT\SVTOOL\SVTOOL\RELEASE\SVTOOLDLG.OBJ
D:\VCPROJECT\SVTOOL\SVTOOL\RELEASE\VC100.PDB
