生成启动时间为 2016/2/22 16:33:25。
     1>项目“D:\VCProject\SVTool\SVTool\SVTool.vcxproj”在节点 2 上(build 个目标)。
     1>InitializeBuildStatus:
         正在创建“Debug\SVTool.unsuccessfulbuild”，因为已指定“AlwaysCreate”。
       ClCompile:
         所有输出均为最新。
         C:\Program Files (x86)\Microsoft Visual Studio 10.0\VC\bin\CL.exe /c /ZI /nologo /W3 /WX- /Od /Oy- /D WIN32 /D _WINDOWS /D _DEBUG /D _UNICODE /D UNICODE /Gm /EHsc /RTC1 /MTd /GS /fp:precise /Zc:wchar_t /Zc:forScope /Yu"StdAfx.h" /Fp"Debug\SVTool.pch" /Fo"Debug\\" /Fd"Debug\vc100.pdb" /Gd /TP /analyze- /errorReport:prompt SVToolDlg.cpp
         SVToolDlg.cpp
     1>d:\vcproject\svtool\svtool\svtooldlg.cpp(96): warning C4996: 'ATL::CRegKey::QueryValue': CRegKey::QueryValue(TCHAR *value, TCHAR *valueName) has been superseded by CRegKey::QueryStringValue and CRegKey::QueryMultiStringValue
                 c:\program files (x86)\microsoft visual studio 10.0\vc\atlmfc\include\atlbase.h(5526) : 参见“ATL::CRegKey::QueryValue”的声明
     1>d:\vcproject\svtool\svtool\svtooldlg.cpp(98): warning C4996: 'ATL::CRegKey::QueryValue': CRegKey::QueryValue(TCHAR *value, TCHAR *valueName) has been superseded by CRegKey::QueryStringValue and CRegKey::QueryMultiStringValue
                 c:\program files (x86)\microsoft visual studio 10.0\vc\atlmfc\include\atlbase.h(5526) : 参见“ATL::CRegKey::QueryValue”的声明
     1>d:\vcproject\svtool\svtool\svtooldlg.cpp(110): warning C4996: 'ATL::CRegKey::QueryValue': CRegKey::QueryValue(TCHAR *value, TCHAR *valueName) has been superseded by CRegKey::QueryStringValue and CRegKey::QueryMultiStringValue
                 c:\program files (x86)\microsoft visual studio 10.0\vc\atlmfc\include\atlbase.h(5526) : 参见“ATL::CRegKey::QueryValue”的声明
     1>d:\vcproject\svtool\svtool\svtooldlg.cpp(131): warning C4996: 'ATL::CRegKey::QueryValue': CRegKey::QueryValue(TCHAR *value, TCHAR *valueName) has been superseded by CRegKey::QueryStringValue and CRegKey::QueryMultiStringValue
                 c:\program files (x86)\microsoft visual studio 10.0\vc\atlmfc\include\atlbase.h(5526) : 参见“ATL::CRegKey::QueryValue”的声明
     1>d:\vcproject\svtool\svtool\svtooldlg.cpp(152): warning C4996: 'ATL::CRegKey::QueryValue': CRegKey::QueryValue(TCHAR *value, TCHAR *valueName) has been superseded by CRegKey::QueryStringValue and CRegKey::QueryMultiStringValue
                 c:\program files (x86)\microsoft visual studio 10.0\vc\atlmfc\include\atlbase.h(5526) : 参见“ATL::CRegKey::QueryValue”的声明
     1>d:\vcproject\svtool\svtool\svtooldlg.cpp(157): warning C4996: 'ATL::CRegKey::QueryValue': CRegKey::QueryValue(TCHAR *value, TCHAR *valueName) has been superseded by CRegKey::QueryStringValue and CRegKey::QueryMultiStringValue
                 c:\program files (x86)\microsoft visual studio 10.0\vc\atlmfc\include\atlbase.h(5526) : 参见“ATL::CRegKey::QueryValue”的声明
     1>d:\vcproject\svtool\svtool\svtooldlg.cpp(161): warning C4996: 'ATL::CRegKey::QueryValue': CRegKey::QueryValue(TCHAR *value, TCHAR *valueName) has been superseded by CRegKey::QueryStringValue and CRegKey::QueryMultiStringValue
                 c:\program files (x86)\microsoft visual studio 10.0\vc\atlmfc\include\atlbase.h(5526) : 参见“ATL::CRegKey::QueryValue”的声明
     1>d:\vcproject\svtool\svtool\svtooldlg.cpp(198): warning C4800: “BOOL”: 将值强制为布尔值“true”或“false”(性能警告)
     1>d:\vcproject\svtool\svtool\svtooldlg.cpp(206): warning C4800: “BOOL”: 将值强制为布尔值“true”或“false”(性能警告)
     1>d:\vcproject\svtool\svtool\svtooldlg.cpp(226): warning C4129: “c”: 不可识别的字符转义序列
     1>d:\vcproject\svtool\svtool\svtooldlg.cpp(226): warning C4129: “c”: 不可识别的字符转义序列
     1>d:\vcproject\svtool\svtool\svtooldlg.cpp(275): warning C4129: “e”: 不可识别的字符转义序列
       ResourceCompile:
         所有输出均为最新。
       ManifestResourceCompile:
         所有输出均为最新。
       Link:
         C:\Program Files (x86)\Microsoft Visual Studio 10.0\VC\bin\link.exe /ERRORREPORT:PROMPT /OUT:"D:\VCProject\SVTool\Debug\SVTool.exe" /INCREMENTAL /NOLOGO /MANIFEST /ManifestFile:"Debug\SVTool.exe.intermediate.manifest" /MANIFESTUAC:"level='asInvoker' uiAccess='false'" /DEBUG /PDB:"D:\VCProject\SVTool\Debug\SVTool.pdb" /SUBSYSTEM:WINDOWS /TLBID:1 /ENTRY:"wWinMainCRTStartup" /DYNAMICBASE /NXCOMPAT /IMPLIB:"D:\VCProject\SVTool\Debug\SVTool.lib" /MACHINE:X86 Debug\SVTool.res
         Debug\SVTool.exe.embed.manifest.res
         Debug\ReadMe.obj
         Debug\stdafx.obj
         Debug\SVACPIDlg.obj
         Debug\SVCCToolDlg.obj
         Debug\SVTool.obj
         Debug\SVToolDlg.obj
       Manifest:
         C:\Program Files (x86)\Microsoft SDKs\Windows\v7.0A\bin\mt.exe /nologo /verbose /out:"Debug\SVTool.exe.embed.manifest" /manifest Debug\SVTool.exe.intermediate.manifest "C:\Program Files (x86)\Microsoft Visual Studio 10.0\VC\Include\Manifest\dpiaware.manifest"
         所有输出均为最新。
       LinkEmbedManifest:
         所有输出均为最新。
         SVTool.vcxproj -> D:\VCProject\SVTool\Debug\SVTool.exe
       FinalizeBuildStatus:
         正在删除文件“Debug\SVTool.unsuccessfulbuild”。
         正在对“Debug\SVTool.lastbuildstate”执行 Touch 任务。
     1>已完成生成项目“D:\VCProject\SVTool\SVTool\SVTool.vcxproj”(build 个目标)的操作。

生成成功。

已用时间 00:00:01.54
